2024.08.05 20:43:12 INFO  Started: Metals version 1.3.5 in folders 'C:\Users\USER\Downloads\SCS 2204 Functional Pragramming Practicals\Scala-Tutorial-07' for client Visual Studio Code 1.92.0.
SLF4J(W): Class path contains multiple SLF4J providers.
SLF4J(W): Found provider [scribe.slf4j.ScribeServiceProvider@6ec8b1e7]
SLF4J(W): Found provider [ch.qos.logback.classic.spi.LogbackServiceProvider@11459882]
SLF4J(W): See https://www.slf4j.org/codes.html#multiple_bindings for an explanation.
SLF4J(I): Actual provider is of type [scribe.slf4j.ScribeServiceProvider@6ec8b1e7]
2024.08.05 20:43:12 WARN  Flyway upgrade recommended: H2 2.3.230 is newer than this version of Flyway and support has not been tested. The latest supported version of H2 is 2.2.220.
2024.08.05 20:43:14 INFO  no build target found for C:\Users\USER\Downloads\SCS 2204 Functional Pragramming Practicals\Scala-Tutorial-07\Q1.scala. Using presentation compiler with project's scala-library version: 3.3.3
Aug 05, 2024 8:43:14 PM org.eclipse.lsp4j.jsonrpc.RemoteEndpoint handleCancellation
WARNING: Unmatched cancel notification for request id 1
Aug 05, 2024 8:43:14 PM org.eclipse.lsp4j.jsonrpc.RemoteEndpoint handleCancellation
WARNING: Unmatched cancel notification for request id 3
Aug 05, 2024 8:43:14 PM org.eclipse.lsp4j.jsonrpc.RemoteEndpoint handleCancellation
WARNING: Unmatched cancel notification for request id 6
Aug 05, 2024 8:43:14 PM org.eclipse.lsp4j.jsonrpc.RemoteEndpoint handleCancellation
WARNING: Unmatched cancel notification for request id 2
2024.08.05 20:43:16 INFO  Running List(C:\Users\USER\AppData\Local\Coursier\data\bin\scala-cli.BAT, setup-ide, C:\Users\USER\Downloads\SCS 2204 Functional Pragramming Practicals\Scala-Tutorial-07)
2024.08.05 20:43:17 INFO  Attempting to connect to the build server...
2024.08.05 20:43:17 INFO  Running BSP server List(C:\Users\USER\AppData\Local\Coursier\data\bin\.scala-cli.aux.exe, bsp, --json-options, C:\Users\USER\Downloads\SCS 2204 Functional Pragramming Practicals\Scala-Tutorial-07\.scala-build\ide-options-v2.json, --json-launcher-options, C:\Users\USER\Downloads\SCS 2204 Functional Pragramming Practicals\Scala-Tutorial-07\.scala-build\ide-launcher-options.json, --envs-file, C:\Users\USER\Downloads\SCS 2204 Functional Pragramming Practicals\Scala-Tutorial-07\.scala-build\ide-envs.json, C:\Users\USER\Downloads\SCS 2204 Functional Pragramming Practicals\Scala-Tutorial-07)
2024.08.05 20:43:16 INFO  tracing is disabled for protocol BSP, to enable tracing of incoming and outgoing JSON messages create an empty file at C:\Users\USER\Downloads\SCS 2204 Functional Pragramming Practicals\Scala-Tutorial-07\.metals\bsp.trace.json or C:\Users\USER\AppData\Local\scalameta\metals\cache\bsp.trace.json
2024.08.05 20:43:20 INFO  BSP server: Starting compilation server
2024.08.05 20:43:30 INFO  time: Connected to build server in 13s
2024.08.05 20:43:30 INFO  Connected to Build server: scala-cli v1.3.2
2024.08.05 20:43:31 INFO  compiling scala-tutorial-07_f4dd477a3a (1 scala source)
2024.08.05 20:43:33 INFO  time: Imported build in 3.68s
2024.08.05 20:43:33 INFO  running doctor check
2024.08.05 20:43:33 INFO  java targets: Scala-Tutorial-07_f4dd477a3a-test, Scala-Tutorial-07_f4dd477a3a
2024.08.05 20:43:33 INFO  compiling scala-tutorial-07_f4dd477a3a (1 scala source)
2024.08.05 20:43:33 INFO  time: compiled Scala-Tutorial-07_f4dd477a3a in 0.41s
2024.08.05 20:43:38 WARN  Flyway upgrade recommended: H2 2.3.230 is newer than this version of Flyway and support has not been tested. The latest supported version of H2 is 2.2.220.
2024.08.05 20:43:39 INFO  time: indexed workspace in 6.08s
2024.08.05 20:43:40 INFO  compiling scala-tutorial-07_f4dd477a3a (1 scala source)
2024.08.05 20:43:40 INFO  time: compiled Scala-Tutorial-07_f4dd477a3a in 0.84s
2024.08.05 20:43:41 INFO  compiling scala-tutorial-07_f4dd477a3a (1 scala source)
2024.08.05 20:43:41 INFO  time: compiled Scala-Tutorial-07_f4dd477a3a in 0.22s
2024.08.05 20:44:05 INFO  compiling scala-tutorial-07_f4dd477a3a (1 scala source)
2024.08.05 20:44:05 INFO  time: compiled Scala-Tutorial-07_f4dd477a3a in 0.15s
2024.08.05 20:44:43 INFO  compiling scala-tutorial-07_f4dd477a3a (1 scala source)
2024.08.05 20:44:43 INFO  time: compiled Scala-Tutorial-07_f4dd477a3a in 0.17s
2024.08.05 20:50:12 INFO  compiling scala-tutorial-07_f4dd477a3a (1 scala source)
2024.08.05 20:50:14 INFO  time: compiled Scala-Tutorial-07_f4dd477a3a in 1.72s
2024.08.05 21:14:23 INFO  no build target found for C:\Users\USER\Downloads\SCS 2204 Functional Pragramming Practicals\Scala-Tutorial-07\Q2.scala. Using presentation compiler with project's scala-library version: 3.3.3
2024.08.05 21:14:23 INFO  no build target found for C:\Users\USER\Downloads\SCS 2204 Functional Pragramming Practicals\Scala-Tutorial-07\Q2.scala. Using presentation compiler with project's scala-library version: 3.3.3
2024.08.05 21:14:23 WARN  no build target for: C:\Users\USER\Downloads\SCS 2204 Functional Pragramming Practicals\Scala-Tutorial-07\Q2.scala
2024.08.05 21:14:23 INFO  no build target found for C:\Users\USER\Downloads\SCS 2204 Functional Pragramming Practicals\Scala-Tutorial-07\Q2.scala. Using presentation compiler with project's scala-library version: 3.3.3
2024.08.05 21:14:23 INFO  no build target found for C:\Users\USER\Downloads\SCS 2204 Functional Pragramming Practicals\Scala-Tutorial-07\Q2.scala. Using presentation compiler with project's scala-library version: 3.3.3
2024.08.05 21:14:23 WARN  Could not find semantic tokens for: file:///C:/Users/USER/Downloads/SCS%202204%20Functional%20Pragramming%20Practicals/Scala-Tutorial-07/Q2.scala
2024.08.05 21:14:23 INFO  running doctor check
2024.08.05 21:14:23 INFO  java targets: Scala-Tutorial-07_f4dd477a3a-test, Scala-Tutorial-07_f4dd477a3a
2024.08.05 21:14:23 INFO  compiling scala-tutorial-07_f4dd477a3a (1 scala source)
2024.08.05 21:14:23 INFO  time: compiled Scala-Tutorial-07_f4dd477a3a in 0.11s
2024.08.05 21:14:23 INFO  compiling scala-tutorial-07_f4dd477a3a (1 scala source)
2024.08.05 21:14:23 INFO  time: compiled Scala-Tutorial-07_f4dd477a3a in 94ms
2024.08.05 21:14:24 INFO  time: indexed workspace in 1.02s
2024.08.05 21:14:25 INFO  compiling scala-tutorial-07_f4dd477a3a (1 scala source)
2024.08.05 21:14:25 INFO  time: compiled Scala-Tutorial-07_f4dd477a3a in 89ms
Aug 05, 2024 9:15:28 PM org.eclipse.lsp4j.jsonrpc.RemoteEndpoint handleCancellation
WARNING: Unmatched cancel notification for request id 406
2024.08.05 21:15:54 INFO  compiling scala-tutorial-07_f4dd477a3a (2 scala sources)
2024.08.05 21:15:54 INFO  time: compiled Scala-Tutorial-07_f4dd477a3a in 0.13s
Aug 05, 2024 9:20:42 PM org.eclipse.lsp4j.jsonrpc.RemoteEndpoint handleCancellation
WARNING: Unmatched cancel notification for request id 735
2024.08.05 21:20:52 INFO  compiling scala-tutorial-07_f4dd477a3a (2 scala sources)
2024.08.05 21:20:52 INFO  time: compiled Scala-Tutorial-07_f4dd477a3a in 0.17s
2024.08.05 21:21:04 INFO  compiling scala-tutorial-07_f4dd477a3a (2 scala sources)
2024.08.05 21:21:04 INFO  time: compiled Scala-Tutorial-07_f4dd477a3a in 0.16s
2024.08.05 21:21:37 INFO  compiling scala-tutorial-07_f4dd477a3a (2 scala sources)
2024.08.05 21:21:37 INFO  time: compiled Scala-Tutorial-07_f4dd477a3a in 0.13s
2024.08.05 21:21:54 INFO  compiling scala-tutorial-07_f4dd477a3a (2 scala sources)
2024.08.05 21:21:54 INFO  time: compiled Scala-Tutorial-07_f4dd477a3a in 0.12s
2024.08.05 21:22:00 INFO  compiling scala-tutorial-07_f4dd477a3a (2 scala sources)
2024.08.05 21:22:00 INFO  time: compiled Scala-Tutorial-07_f4dd477a3a in 0.66s
Aug 05, 2024 9:27:02 PM org.eclipse.lsp4j.jsonrpc.RemoteEndpoint handleNotification
WARNING: Notification threw an exception: {
  "jsonrpc": "2.0",
  "method": "metals/didFocusTextDocument",
  "params": [
    "untitled:Untitled-1"
  ]
}
java.nio.file.FileSystemNotFoundException: Provider "untitled" not installed
	at java.base/java.nio.file.Path.of(Path.java:212)
	at java.base/java.nio.file.Paths.get(Paths.java:98)
	at scala.meta.internal.mtags.MtagsEnrichments$XtensionURIMtags.toAbsolutePath(MtagsEnrichments.scala:130)
	at scala.meta.internal.mtags.MtagsEnrichments$XtensionStringMtags.toAbsolutePath(MtagsEnrichments.scala:187)
	at scala.meta.internal.metals.MetalsEnrichments$XtensionString.toAbsolutePath(MetalsEnrichments.scala:773)
	at scala.meta.internal.metals.MetalsEnrichments$XtensionString.toAbsolutePath(MetalsEnrichments.scala:770)
	at scala.meta.internal.metals.WorkspaceLspService.didFocus(WorkspaceLspService.scala:698)
	at scala.meta.metals.lsp.DelegatingScalaService.didFocus(DelegatingScalaService.scala:43)
	at jdk.internal.reflect.GeneratedMethodAccessor15.invoke(Unknown Source)
	at java.base/jdk.internal.reflect.DelegatingMethodAccessorImpl.invoke(DelegatingMethodAccessorImpl.java:43)
	at java.base/java.lang.reflect.Method.invoke(Method.java:568)
	at org.eclipse.lsp4j.jsonrpc.services.GenericEndpoint.lambda$recursiveFindRpcMethods$0(GenericEndpoint.java:65)
	at org.eclipse.lsp4j.jsonrpc.services.GenericEndpoint.notify(GenericEndpoint.java:160)
	at org.eclipse.lsp4j.jsonrpc.RemoteEndpoint.handleNotification(RemoteEndpoint.java:231)
	at org.eclipse.lsp4j.jsonrpc.RemoteEndpoint.consume(RemoteEndpoint.java:198)
	at org.eclipse.lsp4j.jsonrpc.json.StreamMessageProducer.handleMessage(StreamMessageProducer.java:185)
	at org.eclipse.lsp4j.jsonrpc.json.StreamMessageProducer.listen(StreamMessageProducer.java:97)
	at org.eclipse.lsp4j.jsonrpc.json.ConcurrentMessageProcessor.run(ConcurrentMessageProcessor.java:114)
	at java.base/java.util.concurrent.Executors$RunnableAdapter.call(Executors.java:539)
	at java.base/java.util.concurrent.FutureTask.run(FutureTask.java:264)
	at java.base/java.util.concurrent.ThreadPoolExecutor.runWorker(ThreadPoolExecutor.java:1136)
	at java.base/java.util.concurrent.ThreadPoolExecutor$Worker.run(ThreadPoolExecutor.java:635)
	at java.base/java.lang.Thread.run(Thread.java:833)

Aug 05, 2024 9:47:17 PM org.eclipse.lsp4j.jsonrpc.RemoteEndpoint handleNotification
WARNING: Notification threw an exception: {
  "jsonrpc": "2.0",
  "method": "metals/didFocusTextDocument",
  "params": [
    "untitled:Untitled-1"
  ]
}
java.nio.file.FileSystemNotFoundException: Provider "untitled" not installed
	at java.base/java.nio.file.Path.of(Path.java:212)
	at java.base/java.nio.file.Paths.get(Paths.java:98)
	at scala.meta.internal.mtags.MtagsEnrichments$XtensionURIMtags.toAbsolutePath(MtagsEnrichments.scala:130)
	at scala.meta.internal.mtags.MtagsEnrichments$XtensionStringMtags.toAbsolutePath(MtagsEnrichments.scala:187)
	at scala.meta.internal.metals.MetalsEnrichments$XtensionString.toAbsolutePath(MetalsEnrichments.scala:773)
	at scala.meta.internal.metals.MetalsEnrichments$XtensionString.toAbsolutePath(MetalsEnrichments.scala:770)
	at scala.meta.internal.metals.WorkspaceLspService.didFocus(WorkspaceLspService.scala:698)
	at scala.meta.metals.lsp.DelegatingScalaService.didFocus(DelegatingScalaService.scala:43)
	at jdk.internal.reflect.GeneratedMethodAccessor15.invoke(Unknown Source)
	at java.base/jdk.internal.reflect.DelegatingMethodAccessorImpl.invoke(DelegatingMethodAccessorImpl.java:43)
	at java.base/java.lang.reflect.Method.invoke(Method.java:568)
	at org.eclipse.lsp4j.jsonrpc.services.GenericEndpoint.lambda$recursiveFindRpcMethods$0(GenericEndpoint.java:65)
	at org.eclipse.lsp4j.jsonrpc.services.GenericEndpoint.notify(GenericEndpoint.java:160)
	at org.eclipse.lsp4j.jsonrpc.RemoteEndpoint.handleNotification(RemoteEndpoint.java:231)
	at org.eclipse.lsp4j.jsonrpc.RemoteEndpoint.consume(RemoteEndpoint.java:198)
	at org.eclipse.lsp4j.jsonrpc.json.StreamMessageProducer.handleMessage(StreamMessageProducer.java:185)
	at org.eclipse.lsp4j.jsonrpc.json.StreamMessageProducer.listen(StreamMessageProducer.java:97)
	at org.eclipse.lsp4j.jsonrpc.json.ConcurrentMessageProcessor.run(ConcurrentMessageProcessor.java:114)
	at java.base/java.util.concurrent.Executors$RunnableAdapter.call(Executors.java:539)
	at java.base/java.util.concurrent.FutureTask.run(FutureTask.java:264)
	at java.base/java.util.concurrent.ThreadPoolExecutor.runWorker(ThreadPoolExecutor.java:1136)
	at java.base/java.util.concurrent.ThreadPoolExecutor$Worker.run(ThreadPoolExecutor.java:635)
	at java.base/java.lang.Thread.run(Thread.java:833)

Aug 05, 2024 9:47:21 PM org.eclipse.lsp4j.jsonrpc.RemoteEndpoint handleNotification
WARNING: Notification threw an exception: {
  "jsonrpc": "2.0",
  "method": "metals/didFocusTextDocument",
  "params": [
    "untitled:Untitled-1"
  ]
}
java.nio.file.FileSystemNotFoundException: Provider "untitled" not installed
	at java.base/java.nio.file.Path.of(Path.java:212)
	at java.base/java.nio.file.Paths.get(Paths.java:98)
	at scala.meta.internal.mtags.MtagsEnrichments$XtensionURIMtags.toAbsolutePath(MtagsEnrichments.scala:130)
	at scala.meta.internal.mtags.MtagsEnrichments$XtensionStringMtags.toAbsolutePath(MtagsEnrichments.scala:187)
	at scala.meta.internal.metals.MetalsEnrichments$XtensionString.toAbsolutePath(MetalsEnrichments.scala:773)
	at scala.meta.internal.metals.MetalsEnrichments$XtensionString.toAbsolutePath(MetalsEnrichments.scala:770)
	at scala.meta.internal.metals.WorkspaceLspService.didFocus(WorkspaceLspService.scala:698)
	at scala.meta.metals.lsp.DelegatingScalaService.didFocus(DelegatingScalaService.scala:43)
	at jdk.internal.reflect.GeneratedMethodAccessor15.invoke(Unknown Source)
	at java.base/jdk.internal.reflect.DelegatingMethodAccessorImpl.invoke(DelegatingMethodAccessorImpl.java:43)
	at java.base/java.lang.reflect.Method.invoke(Method.java:568)
	at org.eclipse.lsp4j.jsonrpc.services.GenericEndpoint.lambda$recursiveFindRpcMethods$0(GenericEndpoint.java:65)
	at org.eclipse.lsp4j.jsonrpc.services.GenericEndpoint.notify(GenericEndpoint.java:160)
	at org.eclipse.lsp4j.jsonrpc.RemoteEndpoint.handleNotification(RemoteEndpoint.java:231)
	at org.eclipse.lsp4j.jsonrpc.RemoteEndpoint.consume(RemoteEndpoint.java:198)
	at org.eclipse.lsp4j.jsonrpc.json.StreamMessageProducer.handleMessage(StreamMessageProducer.java:185)
	at org.eclipse.lsp4j.jsonrpc.json.StreamMessageProducer.listen(StreamMessageProducer.java:97)
	at org.eclipse.lsp4j.jsonrpc.json.ConcurrentMessageProcessor.run(ConcurrentMessageProcessor.java:114)
	at java.base/java.util.concurrent.Executors$RunnableAdapter.call(Executors.java:539)
	at java.base/java.util.concurrent.FutureTask.run(FutureTask.java:264)
	at java.base/java.util.concurrent.ThreadPoolExecutor.runWorker(ThreadPoolExecutor.java:1136)
	at java.base/java.util.concurrent.ThreadPoolExecutor$Worker.run(ThreadPoolExecutor.java:635)
	at java.base/java.lang.Thread.run(Thread.java:833)

2024.08.05 21:49:58 INFO  no build target found for C:\Users\USER\Downloads\SCS 2204 Functional Pragramming Practicals\Scala-Tutorial-07\Q3.scala. Using presentation compiler with project's scala-library version: 3.3.3
2024.08.05 21:49:58 INFO  no build target found for C:\Users\USER\Downloads\SCS 2204 Functional Pragramming Practicals\Scala-Tutorial-07\Q3.scala. Using presentation compiler with project's scala-library version: 3.3.3
2024.08.05 21:49:58 WARN  no build target for: C:\Users\USER\Downloads\SCS 2204 Functional Pragramming Practicals\Scala-Tutorial-07\Q3.scala
2024.08.05 21:49:58 INFO  no build target found for C:\Users\USER\Downloads\SCS 2204 Functional Pragramming Practicals\Scala-Tutorial-07\Q3.scala. Using presentation compiler with project's scala-library version: 3.3.3
2024.08.05 21:49:58 INFO  no build target found for C:\Users\USER\Downloads\SCS 2204 Functional Pragramming Practicals\Scala-Tutorial-07\Q3.scala. Using presentation compiler with project's scala-library version: 3.3.3
2024.08.05 21:49:58 INFO  compiling scala-tutorial-07_f4dd477a3a (1 scala source)
2024.08.05 21:49:58 INFO  no build target found for C:\Users\USER\Downloads\SCS 2204 Functional Pragramming Practicals\Scala-Tutorial-07\Q3.scala. Using presentation compiler with project's scala-library version: 3.3.3
2024.08.05 21:49:58 INFO  running doctor check
2024.08.05 21:49:58 INFO  java targets: Scala-Tutorial-07_f4dd477a3a-test, Scala-Tutorial-07_f4dd477a3a
2024.08.05 21:50:00 INFO  time: indexed workspace in 1.87s
Aug 05, 2024 9:50:33 PM org.eclipse.lsp4j.jsonrpc.RemoteEndpoint handleCancellation
WARNING: Unmatched cancel notification for request id 1067
2024.08.05 21:52:58 INFO  file:///C:/Users/USER/Downloads/SCS%202204%20Functional%20Pragramming%20Practicals/Scala-Tutorial-07/Q3.scala:7:7: stale bloop warning: Non local returns are no longer supported; use `boundary` and `boundary.break` in `scala.util` instead
      return false
      ^^^^^^^^^^^^
2024.08.05 21:52:58 WARN  Could not find semantic tokens for: file:///C:/Users/USER/Downloads/SCS%202204%20Functional%20Pragramming%20Practicals/Scala-Tutorial-07/Q3.scala
2024.08.05 21:53:26 INFO  file:///C:/Users/USER/Downloads/SCS%202204%20Functional%20Pragramming%20Practicals/Scala-Tutorial-07/Q3.scala:7:7: stale bloop warning: Non local returns are no longer supported; use `boundary` and `boundary.break` in `scala.util` instead
      return false
      ^^^^^^^^^^^^
2024.08.05 21:53:27 WARN  Could not find semantic tokens for: file:///C:/Users/USER/Downloads/SCS%202204%20Functional%20Pragramming%20Practicals/Scala-Tutorial-07/Q3.scala
2024.08.05 21:54:56 INFO  file:///C:/Users/USER/Downloads/SCS%202204%20Functional%20Pragramming%20Practicals/Scala-Tutorial-07/Q3.scala:7:7: stale bloop warning: Non local returns are no longer supported; use `boundary` and `boundary.break` in `scala.util` instead
      return false
      ^^^^^^^^^^^^
2024.08.05 21:54:56 WARN  Could not find semantic tokens for: file:///C:/Users/USER/Downloads/SCS%202204%20Functional%20Pragramming%20Practicals/Scala-Tutorial-07/Q3.scala
2024.08.05 21:55:01 INFO  file:///C:/Users/USER/Downloads/SCS%202204%20Functional%20Pragramming%20Practicals/Scala-Tutorial-07/Q3.scala:7:7: stale bloop warning: Non local returns are no longer supported; use `boundary` and `boundary.break` in `scala.util` instead
      return false
      ^^^^^^^^^^^^
2024.08.05 21:55:01 WARN  Could not find semantic tokens for: file:///C:/Users/USER/Downloads/SCS%202204%20Functional%20Pragramming%20Practicals/Scala-Tutorial-07/Q3.scala
2024.08.05 21:56:59 INFO  compiling scala-tutorial-07_f4dd477a3a (1 scala source)
2024.08.05 21:56:59 INFO  time: compiled Scala-Tutorial-07_f4dd477a3a in 0.58s
2024.08.05 21:58:27 INFO  compiling scala-tutorial-07_f4dd477a3a (1 scala source)
2024.08.05 21:58:27 INFO  time: compiled Scala-Tutorial-07_f4dd477a3a in 0.34s
Aug 05, 2024 9:59:12 PM org.eclipse.lsp4j.jsonrpc.RemoteEndpoint handleCancellation
WARNING: Unmatched cancel notification for request id 1482
2024.08.05 21:59:43 INFO  compiling scala-tutorial-07_f4dd477a3a (1 scala source)
2024.08.05 21:59:43 INFO  time: compiled Scala-Tutorial-07_f4dd477a3a in 0.54s
Aug 05, 2024 10:00:16 PM org.eclipse.lsp4j.jsonrpc.RemoteEndpoint handleCancellation
WARNING: Unmatched cancel notification for request id 1658
2024.08.05 22:00:19 INFO  compiling scala-tutorial-07_f4dd477a3a (1 scala source)
2024.08.05 22:00:19 INFO  time: compiled Scala-Tutorial-07_f4dd477a3a in 0.44s
2024.08.05 22:00:26 INFO  compiling scala-tutorial-07_f4dd477a3a (1 scala source)
2024.08.05 22:00:26 INFO  time: compiled Scala-Tutorial-07_f4dd477a3a in 0.34s
2024.08.05 22:01:06 INFO  compiling scala-tutorial-07_f4dd477a3a (1 scala source)
2024.08.05 22:01:06 INFO  time: compiled Scala-Tutorial-07_f4dd477a3a in 0.35s
2024.08.05 22:01:18 INFO  compiling scala-tutorial-07_f4dd477a3a (1 scala source)
2024.08.05 22:01:18 INFO  time: compiled Scala-Tutorial-07_f4dd477a3a in 0.12s
2024.08.05 22:01:25 INFO  compiling scala-tutorial-07_f4dd477a3a (1 scala source)
2024.08.05 22:01:25 INFO  time: compiled Scala-Tutorial-07_f4dd477a3a in 0.3s
2024.08.05 22:01:49 INFO  compiling scala-tutorial-07_f4dd477a3a (1 scala source)
2024.08.05 22:01:49 INFO  time: compiled Scala-Tutorial-07_f4dd477a3a in 0.11s
Aug 05, 2024 10:02:15 PM org.eclipse.lsp4j.jsonrpc.RemoteEndpoint handleCancellation
WARNING: Unmatched cancel notification for request id 1881
Aug 05, 2024 10:02:15 PM org.eclipse.lsp4j.jsonrpc.RemoteEndpoint handleCancellation
WARNING: Unmatched cancel notification for request id 1880
Aug 05, 2024 10:02:15 PM org.eclipse.lsp4j.jsonrpc.RemoteEndpoint handleCancellation
WARNING: Unmatched cancel notification for request id 1885
Aug 05, 2024 10:02:15 PM org.eclipse.lsp4j.jsonrpc.RemoteEndpoint handleCancellation
WARNING: Unmatched cancel notification for request id 1887
Aug 05, 2024 10:02:15 PM org.eclipse.lsp4j.jsonrpc.RemoteEndpoint handleCancellation
WARNING: Unmatched cancel notification for request id 1886
Aug 05, 2024 10:02:15 PM org.eclipse.lsp4j.jsonrpc.RemoteEndpoint handleCancellation
WARNING: Unmatched cancel notification for request id 1883
Aug 05, 2024 10:02:19 PM org.eclipse.lsp4j.jsonrpc.RemoteEndpoint handleCancellation
WARNING: Unmatched cancel notification for request id 1914
2024.08.05 22:02:50 INFO  compiling scala-tutorial-07_f4dd477a3a (1 scala source)
2024.08.05 22:02:50 INFO  time: compiled Scala-Tutorial-07_f4dd477a3a in 0.32s
2024.08.05 22:03:36 INFO  compiling scala-tutorial-07_f4dd477a3a (1 scala source)
2024.08.05 22:03:36 INFO  time: compiled Scala-Tutorial-07_f4dd477a3a in 0.13s
2024.08.05 22:10:32 INFO  compiling scala-tutorial-07_f4dd477a3a (1 scala source)
2024.08.05 22:10:32 INFO  time: compiled Scala-Tutorial-07_f4dd477a3a in 0.38s
2024.08.05 22:11:10 INFO  compiling scala-tutorial-07_f4dd477a3a (1 scala source)
2024.08.05 22:11:10 INFO  time: compiled Scala-Tutorial-07_f4dd477a3a in 0.22s
2024.08.05 22:11:23 INFO  compiling scala-tutorial-07_f4dd477a3a (1 scala source)
2024.08.05 22:11:23 INFO  time: compiled Scala-Tutorial-07_f4dd477a3a in 0.32s
2024.08.05 22:11:31 WARN  Could not find semantic tokens for: file:///C:/Users/USER/Downloads/SCS%202204%20Functional%20Pragramming%20Practicals/Scala-Tutorial-07/Q3.scala
2024.08.05 22:11:31 WARN  Could not find semantic tokens for: file:///C:/Users/USER/Downloads/SCS%202204%20Functional%20Pragramming%20Practicals/Scala-Tutorial-07/Q3.scala
2024.08.05 22:11:32 WARN  Could not find semantic tokens for: file:///C:/Users/USER/Downloads/SCS%202204%20Functional%20Pragramming%20Practicals/Scala-Tutorial-07/Q3.scala
2024.08.05 22:12:20 INFO  compiling scala-tutorial-07_f4dd477a3a (1 scala source)
2024.08.05 22:12:20 INFO  time: compiled Scala-Tutorial-07_f4dd477a3a in 0.12s
2024.08.05 22:12:33 INFO  compiling scala-tutorial-07_f4dd477a3a (1 scala source)
2024.08.05 22:12:33 INFO  time: compiled Scala-Tutorial-07_f4dd477a3a in 0.3s
2024.08.05 22:12:40 INFO  compiling scala-tutorial-07_f4dd477a3a (1 scala source)
2024.08.05 22:12:40 INFO  time: compiled Scala-Tutorial-07_f4dd477a3a in 0.26s
2024.08.05 22:12:54 INFO  compiling scala-tutorial-07_f4dd477a3a (1 scala source)
2024.08.05 22:12:54 INFO  time: compiled Scala-Tutorial-07_f4dd477a3a in 0.25s
Aug 05, 2024 10:21:11 PM scala.meta.internal.pc.CompilerAccess handleError
SEVERE: A severe compiler error occurred, full details of the error can be found in the error report C:\Users\USER\Downloads\SCS 2204 Functional Pragramming Practicals\Scala-Tutorial-07\.metals\.reports\metals-full\2024-08-05\r_compiler-error_(Scala-Tutorial-07_f4dd477a3a)_22-21-11-341.md
Aug 05, 2024 10:47:08 PM org.eclipse.lsp4j.jsonrpc.RemoteEndpoint handleCancellation
WARNING: Unmatched cancel notification for request id 2914
2024.08.05 22:59:37 INFO  Shutting down server
2024.08.05 22:59:37 INFO  shutting down Metals
2024.08.05 22:59:37 INFO  Shut down connection with build server.
2024.08.05 22:59:37 INFO  Exiting server
2024.08.06 08:49:23 INFO  Started: Metals version 1.3.5 in folders 'C:\Users\USER\Downloads\SCS 2204 Functional Pragramming Practicals\Scala-Tutorial-07' for client Visual Studio Code 1.92.0.
SLF4J(W): Class path contains multiple SLF4J providers.
SLF4J(W): Found provider [scribe.slf4j.ScribeServiceProvider@13856c3a]
SLF4J(W): Found provider [ch.qos.logback.classic.spi.LogbackServiceProvider@d2ff8da]
SLF4J(W): See https://www.slf4j.org/codes.html#multiple_bindings for an explanation.
SLF4J(I): Actual provider is of type [scribe.slf4j.ScribeServiceProvider@13856c3a]
2024.08.06 08:49:23 WARN  Flyway upgrade recommended: H2 2.3.230 is newer than this version of Flyway and support has not been tested. The latest supported version of H2 is 2.2.220.
Aug 06, 2024 8:49:25 AM org.eclipse.lsp4j.jsonrpc.RemoteEndpoint handleCancellation
WARNING: Unmatched cancel notification for request id 4
Aug 06, 2024 8:49:25 AM org.eclipse.lsp4j.jsonrpc.RemoteEndpoint handleCancellation
WARNING: Unmatched cancel notification for request id 5
2024.08.06 08:49:25 INFO  no build target found for C:\Users\USER\Downloads\SCS 2204 Functional Pragramming Practicals\Scala-Tutorial-07\Q1.scala. Using presentation compiler with project's scala-library version: 3.3.3
2024.08.06 08:49:26 INFO  Attempting to connect to the build server...
2024.08.06 08:49:26 INFO  Running BSP server List(C:\Users\USER\AppData\Local\Coursier\data\bin\.scala-cli.aux.exe, bsp, --json-options, C:\Users\USER\Downloads\SCS 2204 Functional Pragramming Practicals\Scala-Tutorial-07\.scala-build\ide-options-v2.json, --json-launcher-options, C:\Users\USER\Downloads\SCS 2204 Functional Pragramming Practicals\Scala-Tutorial-07\.scala-build\ide-launcher-options.json, --envs-file, C:\Users\USER\Downloads\SCS 2204 Functional Pragramming Practicals\Scala-Tutorial-07\.scala-build\ide-envs.json, C:\Users\USER\Downloads\SCS 2204 Functional Pragramming Practicals\Scala-Tutorial-07)
2024.08.06 08:49:26 INFO  tracing is disabled for protocol BSP, to enable tracing of incoming and outgoing JSON messages create an empty file at C:\Users\USER\Downloads\SCS 2204 Functional Pragramming Practicals\Scala-Tutorial-07\.metals\bsp.trace.json or C:\Users\USER\AppData\Local\scalameta\metals\cache\bsp.trace.json
Aug 06, 2024 8:49:26 AM org.eclipse.lsp4j.jsonrpc.services.GenericEndpoint notify
INFO: Unsupported notification method: $/setTrace
Aug 06, 2024 8:49:26 AM org.eclipse.lsp4j.jsonrpc.services.GenericEndpoint notify
INFO: Unsupported notification method: $/setTrace
2024.08.06 08:49:29 INFO  BSP server: Starting compilation server
2024.08.06 08:49:32 INFO  no build target found for C:\Users\USER\Downloads\SCS 2204 Functional Pragramming Practicals\Scala-Tutorial-07\Q3.scala. Using presentation compiler with project's scala-library version: 3.3.3
2024.08.06 08:49:32 INFO  no build target found for C:\Users\USER\Downloads\SCS 2204 Functional Pragramming Practicals\Scala-Tutorial-07\Q3.scala. Using presentation compiler with project's scala-library version: 3.3.3
2024.08.06 08:49:33 INFO  no build target found for C:\Users\USER\Downloads\SCS 2204 Functional Pragramming Practicals\Scala-Tutorial-07\Q3.scala. Using presentation compiler with project's scala-library version: 3.3.3
2024.08.06 08:49:34 INFO  no build target found for C:\Users\USER\Downloads\SCS 2204 Functional Pragramming Practicals\Scala-Tutorial-07\Q3.scala. Using presentation compiler with project's scala-library version: 3.3.3
2024.08.06 08:49:34 INFO  no build target found for C:\Users\USER\Downloads\SCS 2204 Functional Pragramming Practicals\Scala-Tutorial-07\Q3.scala. Using presentation compiler with project's scala-library version: 3.3.3
2024.08.06 08:49:35 INFO  time: Connected to build server in 9.24s
2024.08.06 08:49:35 INFO  Connected to Build server: scala-cli v1.3.2
2024.08.06 08:49:35 INFO  time: Imported build in 0.15s
2024.08.06 08:49:35 INFO  running doctor check
2024.08.06 08:49:35 INFO  java targets: Scala-Tutorial-07_f4dd477a3a-test, Scala-Tutorial-07_f4dd477a3a
2024.08.06 08:49:38 WARN  Flyway upgrade recommended: H2 2.3.230 is newer than this version of Flyway and support has not been tested. The latest supported version of H2 is 2.2.220.
2024.08.06 08:49:38 INFO  time: indexed workspace in 3.48s
2024.08.06 08:52:48 INFO  Shutting down server
2024.08.06 08:52:48 INFO  shutting down Metals
2024.08.06 08:52:48 INFO  Shut down connection with build server.
2024.08.06 08:52:48 INFO  Exiting server
2024.08.06 08:52:59 INFO  Started: Metals version 1.3.5 in folders 'C:\Users\USER\Downloads\SCS 2204 Functional Pragramming Practicals\Scala-Tutorial-07' for client Visual Studio Code 1.92.0.
SLF4J(W): Class path contains multiple SLF4J providers.
SLF4J(W): Found provider [scribe.slf4j.ScribeServiceProvider@77fd5d23]
SLF4J(W): Found provider [ch.qos.logback.classic.spi.LogbackServiceProvider@250cb1c2]
SLF4J(W): See https://www.slf4j.org/codes.html#multiple_bindings for an explanation.
SLF4J(I): Actual provider is of type [scribe.slf4j.ScribeServiceProvider@77fd5d23]
2024.08.06 08:52:59 WARN  Flyway upgrade recommended: H2 2.3.230 is newer than this version of Flyway and support has not been tested. The latest supported version of H2 is 2.2.220.
2024.08.06 08:53:00 INFO  Attempting to connect to the build server...
2024.08.06 08:53:00 INFO  Running BSP server List(C:\Users\USER\AppData\Local\Coursier\data\bin\.scala-cli.aux.exe, bsp, --json-options, C:\Users\USER\Downloads\SCS 2204 Functional Pragramming Practicals\Scala-Tutorial-07\.scala-build\ide-options-v2.json, --json-launcher-options, C:\Users\USER\Downloads\SCS 2204 Functional Pragramming Practicals\Scala-Tutorial-07\.scala-build\ide-launcher-options.json, --envs-file, C:\Users\USER\Downloads\SCS 2204 Functional Pragramming Practicals\Scala-Tutorial-07\.scala-build\ide-envs.json, C:\Users\USER\Downloads\SCS 2204 Functional Pragramming Practicals\Scala-Tutorial-07)
2024.08.06 08:53:01 INFO  tracing is disabled for protocol BSP, to enable tracing of incoming and outgoing JSON messages create an empty file at C:\Users\USER\Downloads\SCS 2204 Functional Pragramming Practicals\Scala-Tutorial-07\.metals\bsp.trace.json or C:\Users\USER\AppData\Local\scalameta\metals\cache\bsp.trace.json
2024.08.06 08:53:02 INFO  no build target found for C:\Users\USER\Downloads\SCS 2204 Functional Pragramming Practicals\Scala-Tutorial-07\Q3.scala. Using presentation compiler with project's scala-library version: 3.3.3
Aug 06, 2024 8:53:02 AM org.eclipse.lsp4j.jsonrpc.RemoteEndpoint handleCancellation
WARNING: Unmatched cancel notification for request id 3
Aug 06, 2024 8:53:03 AM org.eclipse.lsp4j.jsonrpc.RemoteEndpoint handleCancellation
WARNING: Unmatched cancel notification for request id 10
Aug 06, 2024 8:53:03 AM org.eclipse.lsp4j.jsonrpc.RemoteEndpoint handleCancellation
WARNING: Unmatched cancel notification for request id 11
2024.08.06 08:53:03 INFO  Shutting down server
2024.08.06 08:53:03 INFO  shutting down Metals
2024.08.06 08:53:03 INFO  Exiting server
2024.08.06 08:58:53 INFO  Started: Metals version 1.3.5 in folders 'C:\Users\USER\Downloads\SCS 2204 Functional Pragramming Practicals\Scala-Tutorial-07' for client Visual Studio Code 1.92.0.
SLF4J(W): Class path contains multiple SLF4J providers.
SLF4J(W): Found provider [scribe.slf4j.ScribeServiceProvider@74005cee]
SLF4J(W): Found provider [ch.qos.logback.classic.spi.LogbackServiceProvider@7cd05f63]
SLF4J(W): See https://www.slf4j.org/codes.html#multiple_bindings for an explanation.
SLF4J(I): Actual provider is of type [scribe.slf4j.ScribeServiceProvider@74005cee]
2024.08.06 08:58:53 WARN  Flyway upgrade recommended: H2 2.3.230 is newer than this version of Flyway and support has not been tested. The latest supported version of H2 is 2.2.220.
2024.08.06 08:58:55 INFO  Attempting to connect to the build server...
2024.08.06 08:58:55 INFO  Running BSP server List(C:\Users\USER\AppData\Local\Coursier\data\bin\.scala-cli.aux.exe, bsp, --json-options, C:\Users\USER\Downloads\SCS 2204 Functional Pragramming Practicals\Scala-Tutorial-07\.scala-build\ide-options-v2.json, --json-launcher-options, C:\Users\USER\Downloads\SCS 2204 Functional Pragramming Practicals\Scala-Tutorial-07\.scala-build\ide-launcher-options.json, --envs-file, C:\Users\USER\Downloads\SCS 2204 Functional Pragramming Practicals\Scala-Tutorial-07\.scala-build\ide-envs.json, C:\Users\USER\Downloads\SCS 2204 Functional Pragramming Practicals\Scala-Tutorial-07)
2024.08.06 08:58:56 INFO  tracing is disabled for protocol BSP, to enable tracing of incoming and outgoing JSON messages create an empty file at C:\Users\USER\Downloads\SCS 2204 Functional Pragramming Practicals\Scala-Tutorial-07\.metals\bsp.trace.json or C:\Users\USER\AppData\Local\scalameta\metals\cache\bsp.trace.json
2024.08.06 08:58:56 INFO  no build target found for C:\Users\USER\Downloads\SCS 2204 Functional Pragramming Practicals\Scala-Tutorial-07\Q3.scala. Using presentation compiler with project's scala-library version: 3.3.3
Aug 06, 2024 8:58:57 AM org.eclipse.lsp4j.jsonrpc.RemoteEndpoint handleCancellation
WARNING: Unmatched cancel notification for request id 3
2024.08.06 08:59:01 INFO  time: Connected to build server in 5.59s
2024.08.06 08:59:01 INFO  Connected to Build server: scala-cli v1.3.2
2024.08.06 08:59:01 INFO  time: Imported build in 0.12s
2024.08.06 08:59:01 INFO  running doctor check
2024.08.06 08:59:01 INFO  java targets: Scala-Tutorial-07_f4dd477a3a-test, Scala-Tutorial-07_f4dd477a3a
2024.08.06 08:59:04 WARN  Flyway upgrade recommended: H2 2.3.230 is newer than this version of Flyway and support has not been tested. The latest supported version of H2 is 2.2.220.
2024.08.06 08:59:04 INFO  time: indexed workspace in 3.22s
Aug 06, 2024 9:00:18 AM org.eclipse.lsp4j.jsonrpc.RemoteEndpoint handleCancellation
WARNING: Unmatched cancel notification for request id 23
Aug 06, 2024 9:00:19 AM org.eclipse.lsp4j.jsonrpc.RemoteEndpoint handleCancellation
WARNING: Unmatched cancel notification for request id 25
2024.08.06 09:01:57 INFO  Shutting down server
2024.08.06 09:01:57 INFO  shutting down Metals
2024.08.06 09:01:57 INFO  Shut down connection with build server.
2024.08.06 09:01:57 INFO  BSP server: Aug 06, 2024 9:01:57 AM org.eclipse.lsp4j.jsonrpc.RemoteEndpoint handleNotification
2024.08.06 09:01:57 INFO  Exiting server
